<?xml version="1.0" encoding="UTF-8"?>
<!-- Generated by org.testng.reporters.JUnitXMLReporter -->
<testsuite ignored="4" hostname="DESKTOP-7HPKLKS" failures="0" tests="2" name="Test" time="164.334" errors="0" timestamp="2024-10-08T18:43:11 IST">
  <testcase classname="testScripts.CreatesAndDeletesNewCampaignTest" name="createAndDeleteOrganization" time="43.692"/>
  <testcase classname="testScripts.CreatesAndDeletesNewOrganizationTest" name="createAndDeleteOrganization" time="34.876"/>
  <testcase classname="utilities.BaseClass" name="@AfterTest afterTest" time="0.0">
    <ignored/>
  </testcase> <!-- @AfterTest afterTest -->
  <testcase classname="utilities.BaseClass" name="@BeforeSuite beforeSuite" time="0.0">
    <ignored/>
  </testcase> <!-- @BeforeSuite beforeSuite -->
  <testcase classname="utilities.BaseClass" name="@AfterSuite afterSuite" time="0.0">
    <ignored/>
  </testcase> <!-- @AfterSuite afterSuite -->
  <testcase classname="utilities.BaseClass" name="@BeforeTest beforeTest" time="0.0">
    <ignored/>
  </testcase> <!-- @BeforeTest beforeTest -->
</testsuite> <!-- Test -->
